<?xml version="1.0" encoding="UTF-8"?>
<!-- Generated by org.testng.reporters.JUnitXMLReporter -->
<testsuite hostname="RSI1535" ignored="0" name="Default test" tests="2" failures="0" timestamp="15 jan 2020 18:57:10 GMT" time="34.553" errors="0">
  <testcase name="testesbusca_Negativo" time="1.947" classname="br.com.rsinet.Hub_TDD.PageObjects.Tests.Page_Testes_Pesquisa"/>
  <testcase name="testesbusca_Positivo" time="9.47" classname="br.com.rsinet.Hub_TDD.PageObjects.Tests.Page_Testes_Pesquisa"/>
</testsuite> <!-- Default test -->
