<?xml version="1.0" encoding="UTF-8"?>
<testng-results skipped="1" failed="1" ignored="0" total="2" passed="0">
  <reporter-output>
  </reporter-output>
  <suite name="Default suite" duration-ms="49052" started-at="2020-01-20T12:42:08Z" finished-at="2020-01-20T12:42:57Z">
    <groups>
    </groups>
    <test name="Default test" duration-ms="49052" started-at="2020-01-20T12:42:08Z" finished-at="2020-01-20T12:42:57Z">
      <class name="br.com.rsinet.Hub_TDD.Testes.Buscar_Produto_Por_Barra_de_Pesquisa">
        <test-method status="PASS" signature="iniciaReport()[pri:0, instance:br.com.rsinet.Hub_TDD.Testes.Buscar_Produto_Por_Barra_de_Pesquisa@4883b407]" name="iniciaReport" is-config="true" duration-ms="305" started-at="2020-01-20T12:42:08Z" finished-at="2020-01-20T12:42:09Z">
          <reporter-output>
          </reporter-output>
        </test-method> <!-- iniciaReport -->
        <test-method status="PASS" signature="InicializaBrowser()[pri:0, instance:br.com.rsinet.Hub_TDD.Testes.Buscar_Produto_Por_Barra_de_Pesquisa@4883b407]" name="InicializaBrowser" is-config="true" duration-ms="12556" started-at="2020-01-20T12:42:09Z" finished-at="2020-01-20T12:42:21Z">
          <reporter-output>
          </reporter-output>
        </test-method> <!-- InicializaBrowser -->
        <test-method status="FAIL" signature="BuscardeProduto()[pri:0, instance:br.com.rsinet.Hub_TDD.Testes.Buscar_Produto_Por_Barra_de_Pesquisa@4883b407]" name="BuscardeProduto" duration-ms="20338" started-at="2020-01-20T12:42:21Z" finished-at="2020-01-20T12:42:42Z">
          <exception class="org.openqa.selenium.NoSuchElementException">
            <message>
              <![CDATA[no such element: Unable to locate element: {"method":"css selector","selector":"#next_btn"}
  (Session info: chrome=79.0.3945.130)
For documentation on this error, please visit: https://www.seleniumhq.org/exceptions/no_such_element.html
Build info: version: '3.141.59', revision: 'e82be7d358', time: '2018-11-14T08:17:03'
System info: host: 'RSI1535', ip: '10.0.75.1', os.name: 'Windows 10', os.arch: 'amd64', os.version: '10.0', java.version: '1.8.0_231'
Driver info: org.openqa.selenium.chrome.ChromeDriver
Capabilities {acceptInsecureCerts: false, browserName: chrome, browserVersion: 79.0.3945.130, chrome: {chromedriverVersion: 79.0.3945.36 (3582db32b3389..., userDataDir: C:\Users\JOICE~1.ABR\AppDat...}, goog:chromeOptions: {debuggerAddress: localhost:58915}, javascriptEnabled: true, networkConnectionEnabled: false, pageLoadStrategy: normal, platform: WINDOWS, platformName: WINDOWS, proxy: Proxy(), setWindowRect: true, strictFileInteractability: false, timeouts: {implicit: 0, pageLoad: 300000, script: 30000}, unhandledPromptBehavior: dismiss and notify}
Session ID: c934573d11311f092d91d1622d66d7d2
*** Element info: {Using=id, value=next_btn}]]>
            </message>
            <full-stacktrace>
              <![CDATA[org.openqa.selenium.NoSuchElementException: no such element: Unable to locate element: {"method":"css selector","selector":"#next_btn"}
  (Session info: chrome=79.0.3945.130)
For documentation on this error, please visit: https://www.seleniumhq.org/exceptions/no_such_element.html
Build info: version: '3.141.59', revision: 'e82be7d358', time: '2018-11-14T08:17:03'
System info: host: 'RSI1535', ip: '10.0.75.1', os.name: 'Windows 10', os.arch: 'amd64', os.version: '10.0', java.version: '1.8.0_231'
Driver info: org.openqa.selenium.chrome.ChromeDriver
Capabilities {acceptInsecureCerts: false, browserName: chrome, browserVersion: 79.0.3945.130, chrome: {chromedriverVersion: 79.0.3945.36 (3582db32b3389..., userDataDir: C:\Users\JOICE~1.ABR\AppDat...}, goog:chromeOptions: {debuggerAddress: localhost:58915}, javascriptEnabled: true, networkConnectionEnabled: false, pageLoadStrategy: normal, platform: WINDOWS, platformName: WINDOWS, proxy: Proxy(), setWindowRect: true, strictFileInteractability: false, timeouts: {implicit: 0, pageLoad: 300000, script: 30000}, unhandledPromptBehavior: dismiss and notify}
Session ID: c934573d11311f092d91d1622d66d7d2
*** Element info: {Using=id, value=next_btn}
at sun.reflect.NativeConstructorAccessorImpl.newInstance0(Native Method)
at sun.reflect.NativeConstructorAccessorImpl.newInstance(NativeConstructorAccessorImpl.java:62)
at sun.reflect.DelegatingConstructorAccessorImpl.newInstance(DelegatingConstructorAccessorImpl.java:45)
at java.lang.reflect.Constructor.newInstance(Constructor.java:423)
at org.openqa.selenium.remote.http.W3CHttpResponseCodec.createException(W3CHttpResponseCodec.java:187)
at org.openqa.selenium.remote.http.W3CHttpResponseCodec.decode(W3CHttpResponseCodec.java:122)
at org.openqa.selenium.remote.http.W3CHttpResponseCodec.decode(W3CHttpResponseCodec.java:49)
at org.openqa.selenium.remote.HttpCommandExecutor.execute(HttpCommandExecutor.java:158)
at org.openqa.selenium.remote.service.DriverCommandExecutor.execute(DriverCommandExecutor.java:83)
at org.openqa.selenium.remote.RemoteWebDriver.execute(RemoteWebDriver.java:552)
at org.openqa.selenium.remote.RemoteWebDriver.findElement(RemoteWebDriver.java:323)
at org.openqa.selenium.remote.RemoteWebDriver.findElementById(RemoteWebDriver.java:372)
at org.openqa.selenium.By$ById.findElement(By.java:188)
at org.openqa.selenium.remote.RemoteWebDriver.findElement(RemoteWebDriver.java:315)
at br.com.rsinet.Hub_TDD.PageObjects.Home_BuscadeProduto_BarradePesquisa.Botaonext(Home_BuscadeProduto_BarradePesquisa.java:78)
at br.com.rsinet.Hub_TDD.Testes.Buscar_Produto_Por_Barra_de_Pesquisa.BuscardeProduto(Buscar_Produto_Por_Barra_de_Pesquisa.java:77)
at sun.reflect.NativeMethodAccessorImpl.invoke0(Native Method)
at sun.reflect.NativeMethodAccessorImpl.invoke(NativeMethodAccessorImpl.java:62)
at sun.reflect.DelegatingMethodAccessorImpl.invoke(DelegatingMethodAccessorImpl.java:43)
at java.lang.reflect.Method.invoke(Method.java:498)
at org.testng.internal.MethodInvocationHelper.invokeMethod(MethodInvocationHelper.java:124)
at org.testng.internal.Invoker.invokeMethod(Invoker.java:583)
at org.testng.internal.Invoker.invokeTestMethod(Invoker.java:719)
at org.testng.internal.Invoker.invokeTestMethods(Invoker.java:989)
at org.testng.internal.TestMethodWorker.invokeTestMethods(TestMethodWorker.java:125)
at org.testng.internal.TestMethodWorker.run(TestMethodWorker.java:109)
at org.testng.TestRunner.privateRun(TestRunner.java:648)
at org.testng.TestRunner.run(TestRunner.java:505)
at org.testng.SuiteRunner.runTest(SuiteRunner.java:455)
at org.testng.SuiteRunner.runSequentially(SuiteRunner.java:450)
at org.testng.SuiteRunner.privateRun(SuiteRunner.java:415)
at org.testng.SuiteRunner.run(SuiteRunner.java:364)
at org.testng.SuiteRunnerWorker.runSuite(SuiteRunnerWorker.java:52)
at org.testng.SuiteRunnerWorker.run(SuiteRunnerWorker.java:84)
at org.testng.TestNG.runSuitesSequentially(TestNG.java:1208)
at org.testng.TestNG.runSuitesLocally(TestNG.java:1137)
at org.testng.TestNG.runSuites(TestNG.java:1049)
at org.testng.TestNG.run(TestNG.java:1017)
at org.testng.remote.AbstractRemoteTestNG.run(AbstractRemoteTestNG.java:115)
at org.testng.remote.RemoteTestNG.initAndRun(RemoteTestNG.java:251)
at org.testng.remote.RemoteTestNG.main(RemoteTestNG.java:77)
]]>
            </full-stacktrace>
          </exception> <!-- org.openqa.selenium.NoSuchElementException -->
          <reporter-output>
          </reporter-output>
        </test-method> <!-- BuscardeProduto -->
        <test-method status="PASS" signature="finalizar(org.testng.ITestResult)[pri:0, instance:br.com.rsinet.Hub_TDD.Testes.Buscar_Produto_Por_Barra_de_Pesquisa@4883b407]" name="finalizar" is-config="true" duration-ms="660" started-at="2020-01-20T12:42:42Z" finished-at="2020-01-20T12:42:42Z">
          <params>
            <param index="0">
              <value>
                <![CDATA[[TestResult name=BuscardeProduto status=FAILURE method=Buscar_Produto_Por_Barra_de_Pesquisa.BuscardeProduto()[pri:0, instance:br.com.rsinet.Hub_TDD.Testes.Buscar_Produto_Por_Barra_de_Pesquisa@4883b407] output={null}]]]>
              </value>
            </param>
          </params>
          <reporter-output>
          </reporter-output>
        </test-method> <!-- finalizar -->
        <test-method status="FAIL" signature="InicializaBrowser()[pri:0, instance:br.com.rsinet.Hub_TDD.Testes.Buscar_Produto_Por_Barra_de_Pesquisa@4883b407]" name="InicializaBrowser" is-config="true" duration-ms="15152" started-at="2020-01-20T12:42:42Z" finished-at="2020-01-20T12:42:57Z">
          <exception class="org.openqa.selenium.SessionNotCreatedException">
            <message>
              <![CDATA[session not created
from chrome not reachable
  (Session info: chrome=79.0.3945.130)
Build info: version: '3.141.59', revision: 'e82be7d358', time: '2018-11-14T08:17:03'
System info: host: 'RSI1535', ip: '10.0.75.1', os.name: 'Windows 10', os.arch: 'amd64', os.version: '10.0', java.version: '1.8.0_231'
Driver info: driver.version: Home_ChromeDriver
remote stacktrace: Backtrace:
Ordinal0 [0x00FEA113+1548563]
Ordinal0 [0x00F6DDA1+1039777]
Ordinal0 [0x00EEE32E+516910]
Ordinal0 [0x00EE8012+491538]
Ordinal0 [0x00EE86EB+493291]
Ordinal0 [0x00EE9855+497749]
Ordinal0 [0x00EE5885+481413]
Ordinal0 [0x00EEF0D0+520400]
Ordinal0 [0x00E9C030+180272]
Ordinal0 [0x00E9B59D+177565]
Ordinal0 [0x00E995FB+169467]
Ordinal0 [0x00E8160A+71178]
Ordinal0 [0x00E82690+75408]
Ordinal0 [0x00E82629+75305]
Ordinal0 [0x00F871B7+1143223]
GetHandleVerifier [0x01082B46+507814]
GetHandleVerifier [0x01082864+507076]
GetHandleVerifier [0x01089F47+537511]
GetHandleVerifier [0x01083402+510050]
Ordinal0 [0x00F7F29C+1110684]
Ordinal0 [0x00F8938B+1151883]
Ordinal0 [0x00F894F3+1152243]
Ordinal0 [0x00F883F5+1147893]
BaseThreadInitThunk [0x75856359+25]
RtlGetAppContainerNamedObjectPath [0x77E87B74+228]
RtlGetAppContainerNamedObjectPath [0x77E87B44+180]
]]>
            </message>
            <full-stacktrace>
              <![CDATA[org.openqa.selenium.SessionNotCreatedException: session not created
from chrome not reachable
  (Session info: chrome=79.0.3945.130)
Build info: version: '3.141.59', revision: 'e82be7d358', time: '2018-11-14T08:17:03'
System info: host: 'RSI1535', ip: '10.0.75.1', os.name: 'Windows 10', os.arch: 'amd64', os.version: '10.0', java.version: '1.8.0_231'
Driver info: driver.version: Home_ChromeDriver
remote stacktrace: Backtrace:
Ordinal0 [0x00FEA113+1548563]
Ordinal0 [0x00F6DDA1+1039777]
Ordinal0 [0x00EEE32E+516910]
Ordinal0 [0x00EE8012+491538]
Ordinal0 [0x00EE86EB+493291]
Ordinal0 [0x00EE9855+497749]
Ordinal0 [0x00EE5885+481413]
Ordinal0 [0x00EEF0D0+520400]
Ordinal0 [0x00E9C030+180272]
Ordinal0 [0x00E9B59D+177565]
Ordinal0 [0x00E995FB+169467]
Ordinal0 [0x00E8160A+71178]
Ordinal0 [0x00E82690+75408]
Ordinal0 [0x00E82629+75305]
Ordinal0 [0x00F871B7+1143223]
GetHandleVerifier [0x01082B46+507814]
GetHandleVerifier [0x01082864+507076]
GetHandleVerifier [0x01089F47+537511]
GetHandleVerifier [0x01083402+510050]
Ordinal0 [0x00F7F29C+1110684]
Ordinal0 [0x00F8938B+1151883]
Ordinal0 [0x00F894F3+1152243]
Ordinal0 [0x00F883F5+1147893]
BaseThreadInitThunk [0x75856359+25]
RtlGetAppContainerNamedObjectPath [0x77E87B74+228]
RtlGetAppContainerNamedObjectPath [0x77E87B44+180]

at sun.reflect.NativeConstructorAccessorImpl.newInstance0(Native Method)
at sun.reflect.NativeConstructorAccessorImpl.newInstance(NativeConstructorAccessorImpl.java:62)
at sun.reflect.DelegatingConstructorAccessorImpl.newInstance(DelegatingConstructorAccessorImpl.java:45)
at java.lang.reflect.Constructor.newInstance(Constructor.java:423)
at org.openqa.selenium.remote.W3CHandshakeResponse.lambda$errorHandler$0(W3CHandshakeResponse.java:62)
at org.openqa.selenium.remote.HandshakeResponse.lambda$getResponseFunction$0(HandshakeResponse.java:30)
at org.openqa.selenium.remote.ProtocolHandshake.lambda$createSession$0(ProtocolHandshake.java:126)
at java.util.stream.ReferencePipeline$3$1.accept(ReferencePipeline.java:193)
at java.util.Spliterators$ArraySpliterator.tryAdvance(Spliterators.java:958)
at java.util.stream.ReferencePipeline.forEachWithCancel(ReferencePipeline.java:126)
at java.util.stream.AbstractPipeline.copyIntoWithCancel(AbstractPipeline.java:499)
at java.util.stream.AbstractPipeline.copyInto(AbstractPipeline.java:486)
at java.util.stream.AbstractPipeline.wrapAndCopyInto(AbstractPipeline.java:472)
at java.util.stream.FindOps$FindOp.evaluateSequential(FindOps.java:152)
at java.util.stream.AbstractPipeline.evaluate(AbstractPipeline.java:234)
at java.util.stream.ReferencePipeline.findFirst(ReferencePipeline.java:464)
at org.openqa.selenium.remote.ProtocolHandshake.createSession(ProtocolHandshake.java:128)
at org.openqa.selenium.remote.ProtocolHandshake.createSession(ProtocolHandshake.java:74)
at org.openqa.selenium.remote.HttpCommandExecutor.execute(HttpCommandExecutor.java:136)
at org.openqa.selenium.remote.service.DriverCommandExecutor.execute(DriverCommandExecutor.java:83)
at org.openqa.selenium.remote.RemoteWebDriver.execute(RemoteWebDriver.java:552)
at org.openqa.selenium.remote.RemoteWebDriver.startSession(RemoteWebDriver.java:213)
at org.openqa.selenium.remote.RemoteWebDriver.<init>(RemoteWebDriver.java:131)
at org.openqa.selenium.chrome.ChromeDriver.<init>(ChromeDriver.java:181)
at org.openqa.selenium.chrome.ChromeDriver.<init>(ChromeDriver.java:168)
at org.openqa.selenium.chrome.ChromeDriver.<init>(ChromeDriver.java:123)
at br.com.rsinet.Hub_TDD.PageObjects.Home_ChromeDriver.InicializaDriver(Home_ChromeDriver.java:15)
at br.com.rsinet.Hub_TDD.Testes.Buscar_Produto_Por_Barra_de_Pesquisa.InicializaBrowser(Buscar_Produto_Por_Barra_de_Pesquisa.java:44)
at sun.reflect.NativeMethodAccessorImpl.invoke0(Native Method)
at sun.reflect.NativeMethodAccessorImpl.invoke(NativeMethodAccessorImpl.java:62)
at sun.reflect.DelegatingMethodAccessorImpl.invoke(DelegatingMethodAccessorImpl.java:43)
at java.lang.reflect.Method.invoke(Method.java:498)
at org.testng.internal.MethodInvocationHelper.invokeMethod(MethodInvocationHelper.java:124)
at org.testng.internal.MethodInvocationHelper.invokeMethodConsideringTimeout(MethodInvocationHelper.java:59)
at org.testng.internal.Invoker.invokeConfigurationMethod(Invoker.java:458)
at org.testng.internal.Invoker.invokeConfigurations(Invoker.java:222)
at org.testng.internal.Invoker.invokeMethod(Invoker.java:523)
at org.testng.internal.Invoker.invokeTestMethod(Invoker.java:719)
at org.testng.internal.Invoker.invokeTestMethods(Invoker.java:989)
at org.testng.internal.TestMethodWorker.invokeTestMethods(TestMethodWorker.java:125)
at org.testng.internal.TestMethodWorker.run(TestMethodWorker.java:109)
at org.testng.TestRunner.privateRun(TestRunner.java:648)
at org.testng.TestRunner.run(TestRunner.java:505)
at org.testng.SuiteRunner.runTest(SuiteRunner.java:455)
at org.testng.SuiteRunner.runSequentially(SuiteRunner.java:450)
at org.testng.SuiteRunner.privateRun(SuiteRunner.java:415)
at org.testng.SuiteRunner.run(SuiteRunner.java:364)
at org.testng.SuiteRunnerWorker.runSuite(SuiteRunnerWorker.java:52)
at org.testng.SuiteRunnerWorker.run(SuiteRunnerWorker.java:84)
at org.testng.TestNG.runSuitesSequentially(TestNG.java:1208)
at org.testng.TestNG.runSuitesLocally(TestNG.java:1137)
at org.testng.TestNG.runSuites(TestNG.java:1049)
at org.testng.TestNG.run(TestNG.java:1017)
at org.testng.remote.AbstractRemoteTestNG.run(AbstractRemoteTestNG.java:115)
at org.testng.remote.RemoteTestNG.initAndRun(RemoteTestNG.java:251)
at org.testng.remote.RemoteTestNG.main(RemoteTestNG.java:77)
]]>
            </full-stacktrace>
          </exception> <!-- org.openqa.selenium.SessionNotCreatedException -->
          <reporter-output>
          </reporter-output>
        </test-method> <!-- InicializaBrowser -->
        <test-method status="SKIP" signature="testesbusca_Negativo()[pri:0, instance:br.com.rsinet.Hub_TDD.Testes.Buscar_Produto_Por_Barra_de_Pesquisa@4883b407]" name="testesbusca_Negativo" duration-ms="0" started-at="2020-01-20T12:42:57Z" finished-at="2020-01-20T12:42:57Z">
          <exception class="org.openqa.selenium.SessionNotCreatedException">
            <message>
              <![CDATA[session not created
from chrome not reachable
  (Session info: chrome=79.0.3945.130)
Build info: version: '3.141.59', revision: 'e82be7d358', time: '2018-11-14T08:17:03'
System info: host: 'RSI1535', ip: '10.0.75.1', os.name: 'Windows 10', os.arch: 'amd64', os.version: '10.0', java.version: '1.8.0_231'
Driver info: driver.version: Home_ChromeDriver
remote stacktrace: Backtrace:
Ordinal0 [0x00FEA113+1548563]
Ordinal0 [0x00F6DDA1+1039777]
Ordinal0 [0x00EEE32E+516910]
Ordinal0 [0x00EE8012+491538]
Ordinal0 [0x00EE86EB+493291]
Ordinal0 [0x00EE9855+497749]
Ordinal0 [0x00EE5885+481413]
Ordinal0 [0x00EEF0D0+520400]
Ordinal0 [0x00E9C030+180272]
Ordinal0 [0x00E9B59D+177565]
Ordinal0 [0x00E995FB+169467]
Ordinal0 [0x00E8160A+71178]
Ordinal0 [0x00E82690+75408]
Ordinal0 [0x00E82629+75305]
Ordinal0 [0x00F871B7+1143223]
GetHandleVerifier [0x01082B46+507814]
GetHandleVerifier [0x01082864+507076]
GetHandleVerifier [0x01089F47+537511]
GetHandleVerifier [0x01083402+510050]
Ordinal0 [0x00F7F29C+1110684]
Ordinal0 [0x00F8938B+1151883]
Ordinal0 [0x00F894F3+1152243]
Ordinal0 [0x00F883F5+1147893]
BaseThreadInitThunk [0x75856359+25]
RtlGetAppContainerNamedObjectPath [0x77E87B74+228]
RtlGetAppContainerNamedObjectPath [0x77E87B44+180]
]]>
            </message>
            <full-stacktrace>
              <![CDATA[org.openqa.selenium.SessionNotCreatedException: session not created
from chrome not reachable
  (Session info: chrome=79.0.3945.130)
Build info: version: '3.141.59', revision: 'e82be7d358', time: '2018-11-14T08:17:03'
System info: host: 'RSI1535', ip: '10.0.75.1', os.name: 'Windows 10', os.arch: 'amd64', os.version: '10.0', java.version: '1.8.0_231'
Driver info: driver.version: Home_ChromeDriver
remote stacktrace: Backtrace:
Ordinal0 [0x00FEA113+1548563]
Ordinal0 [0x00F6DDA1+1039777]
Ordinal0 [0x00EEE32E+516910]
Ordinal0 [0x00EE8012+491538]
Ordinal0 [0x00EE86EB+493291]
Ordinal0 [0x00EE9855+497749]
Ordinal0 [0x00EE5885+481413]
Ordinal0 [0x00EEF0D0+520400]
Ordinal0 [0x00E9C030+180272]
Ordinal0 [0x00E9B59D+177565]
Ordinal0 [0x00E995FB+169467]
Ordinal0 [0x00E8160A+71178]
Ordinal0 [0x00E82690+75408]
Ordinal0 [0x00E82629+75305]
Ordinal0 [0x00F871B7+1143223]
GetHandleVerifier [0x01082B46+507814]
GetHandleVerifier [0x01082864+507076]
GetHandleVerifier [0x01089F47+537511]
GetHandleVerifier [0x01083402+510050]
Ordinal0 [0x00F7F29C+1110684]
Ordinal0 [0x00F8938B+1151883]
Ordinal0 [0x00F894F3+1152243]
Ordinal0 [0x00F883F5+1147893]
BaseThreadInitThunk [0x75856359+25]
RtlGetAppContainerNamedObjectPath [0x77E87B74+228]
RtlGetAppContainerNamedObjectPath [0x77E87B44+180]

at sun.reflect.NativeConstructorAccessorImpl.newInstance0(Native Method)
at sun.reflect.NativeConstructorAccessorImpl.newInstance(NativeConstructorAccessorImpl.java:62)
at sun.reflect.DelegatingConstructorAccessorImpl.newInstance(DelegatingConstructorAccessorImpl.java:45)
at java.lang.reflect.Constructor.newInstance(Constructor.java:423)
at org.openqa.selenium.remote.W3CHandshakeResponse.lambda$errorHandler$0(W3CHandshakeResponse.java:62)
at org.openqa.selenium.remote.HandshakeResponse.lambda$getResponseFunction$0(HandshakeResponse.java:30)
at org.openqa.selenium.remote.ProtocolHandshake.lambda$createSession$0(ProtocolHandshake.java:126)
at java.util.stream.ReferencePipeline$3$1.accept(ReferencePipeline.java:193)
at java.util.Spliterators$ArraySpliterator.tryAdvance(Spliterators.java:958)
at java.util.stream.ReferencePipeline.forEachWithCancel(ReferencePipeline.java:126)
at java.util.stream.AbstractPipeline.copyIntoWithCancel(AbstractPipeline.java:499)
at java.util.stream.AbstractPipeline.copyInto(AbstractPipeline.java:486)
at java.util.stream.AbstractPipeline.wrapAndCopyInto(AbstractPipeline.java:472)
at java.util.stream.FindOps$FindOp.evaluateSequential(FindOps.java:152)
at java.util.stream.AbstractPipeline.evaluate(AbstractPipeline.java:234)
at java.util.stream.ReferencePipeline.findFirst(ReferencePipeline.java:464)
at org.openqa.selenium.remote.ProtocolHandshake.createSession(ProtocolHandshake.java:128)
at org.openqa.selenium.remote.ProtocolHandshake.createSession(ProtocolHandshake.java:74)
at org.openqa.selenium.remote.HttpCommandExecutor.execute(HttpCommandExecutor.java:136)
at org.openqa.selenium.remote.service.DriverCommandExecutor.execute(DriverCommandExecutor.java:83)
at org.openqa.selenium.remote.RemoteWebDriver.execute(RemoteWebDriver.java:552)
at org.openqa.selenium.remote.RemoteWebDriver.startSession(RemoteWebDriver.java:213)
at org.openqa.selenium.remote.RemoteWebDriver.<init>(RemoteWebDriver.java:131)
at org.openqa.selenium.chrome.ChromeDriver.<init>(ChromeDriver.java:181)
at org.openqa.selenium.chrome.ChromeDriver.<init>(ChromeDriver.java:168)
at org.openqa.selenium.chrome.ChromeDriver.<init>(ChromeDriver.java:123)
at br.com.rsinet.Hub_TDD.PageObjects.Home_ChromeDriver.InicializaDriver(Home_ChromeDriver.java:15)
at br.com.rsinet.Hub_TDD.Testes.Buscar_Produto_Por_Barra_de_Pesquisa.InicializaBrowser(Buscar_Produto_Por_Barra_de_Pesquisa.java:44)
at sun.reflect.NativeMethodAccessorImpl.invoke0(Native Method)
at sun.reflect.NativeMethodAccessorImpl.invoke(NativeMethodAccessorImpl.java:62)
at sun.reflect.DelegatingMethodAccessorImpl.invoke(DelegatingMethodAccessorImpl.java:43)
at java.lang.reflect.Method.invoke(Method.java:498)
at org.testng.internal.MethodInvocationHelper.invokeMethod(MethodInvocationHelper.java:124)
at org.testng.internal.MethodInvocationHelper.invokeMethodConsideringTimeout(MethodInvocationHelper.java:59)
at org.testng.internal.Invoker.invokeConfigurationMethod(Invoker.java:458)
at org.testng.internal.Invoker.invokeConfigurations(Invoker.java:222)
at org.testng.internal.Invoker.invokeMethod(Invoker.java:523)
at org.testng.internal.Invoker.invokeTestMethod(Invoker.java:719)
at org.testng.internal.Invoker.invokeTestMethods(Invoker.java:989)
at org.testng.internal.TestMethodWorker.invokeTestMethods(TestMethodWorker.java:125)
at org.testng.internal.TestMethodWorker.run(TestMethodWorker.java:109)
at org.testng.TestRunner.privateRun(TestRunner.java:648)
at org.testng.TestRunner.run(TestRunner.java:505)
at org.testng.SuiteRunner.runTest(SuiteRunner.java:455)
at org.testng.SuiteRunner.runSequentially(SuiteRunner.java:450)
at org.testng.SuiteRunner.privateRun(SuiteRunner.java:415)
at org.testng.SuiteRunner.run(SuiteRunner.java:364)
at org.testng.SuiteRunnerWorker.runSuite(SuiteRunnerWorker.java:52)
at org.testng.SuiteRunnerWorker.run(SuiteRunnerWorker.java:84)
at org.testng.TestNG.runSuitesSequentially(TestNG.java:1208)
at org.testng.TestNG.runSuitesLocally(TestNG.java:1137)
at org.testng.TestNG.runSuites(TestNG.java:1049)
at org.testng.TestNG.run(TestNG.java:1017)
at org.testng.remote.AbstractRemoteTestNG.run(AbstractRemoteTestNG.java:115)
at org.testng.remote.RemoteTestNG.initAndRun(RemoteTestNG.java:251)
at org.testng.remote.RemoteTestNG.main(RemoteTestNG.java:77)
]]>
            </full-stacktrace>
          </exception> <!-- org.openqa.selenium.SessionNotCreatedException -->
          <reporter-output>
          </reporter-output>
        </test-method> <!-- testesbusca_Negativo -->
        <test-method status="SKIP" signature="finalizar(org.testng.ITestResult)[pri:0, instance:br.com.rsinet.Hub_TDD.Testes.Buscar_Produto_Por_Barra_de_Pesquisa@4883b407]" name="finalizar" is-config="true" duration-ms="0" started-at="2020-01-20T12:42:57Z" finished-at="2020-01-20T12:42:57Z">
          <reporter-output>
          </reporter-output>
        </test-method> <!-- finalizar -->
      </class> <!-- br.com.rsinet.Hub_TDD.Testes.Buscar_Produto_Por_Barra_de_Pesquisa -->
    </test> <!-- Default test -->
  </suite> <!-- Default suite -->
</testng-results>
