<?xml version="1.0" encoding="UTF-8"?>
<testng-results skipped="0" failed="1" ignored="0" total="1" passed="0">
  <reporter-output>
  </reporter-output>
  <suite name="Default suite" duration-ms="31780" started-at="2020-01-26T05:37:48Z" finished-at="2020-01-26T05:38:20Z">
    <groups>
    </groups>
    <test name="Default test" duration-ms="31780" started-at="2020-01-26T05:37:48Z" finished-at="2020-01-26T05:38:20Z">
      <class name="br.com.rsinet.hub.tdd.Testes.Pesquisa_TelaInicial">
        <test-method status="PASS" signature="iniciaReport()[pri:0, instance:br.com.rsinet.hub.tdd.Testes.Pesquisa_TelaInicial@5622fdf]" name="iniciaReport" is-config="true" duration-ms="131" started-at="2020-01-26T05:37:48Z" finished-at="2020-01-26T05:37:49Z">
          <reporter-output>
          </reporter-output>
        </test-method> <!-- iniciaReport -->
        <test-method status="PASS" signature="InicializaBrowser()[pri:0, instance:br.com.rsinet.hub.tdd.Testes.Pesquisa_TelaInicial@5622fdf]" name="InicializaBrowser" is-config="true" duration-ms="11582" started-at="2020-01-26T05:37:49Z" finished-at="2020-01-26T05:38:00Z">
          <reporter-output>
          </reporter-output>
        </test-method> <!-- InicializaBrowser -->
        <test-method status="FAIL" signature="BuscardeProduto()[pri:0, instance:br.com.rsinet.hub.tdd.Testes.Pesquisa_TelaInicial@5622fdf]" name="BuscardeProduto" duration-ms="20048" started-at="2020-01-26T05:38:00Z" finished-at="2020-01-26T05:38:20Z">
          <exception class="java.lang.AssertionError">
            <message>
              <![CDATA[expected object to not be null]]>
            </message>
            <full-stacktrace>
              <![CDATA[java.lang.AssertionError: expected object to not be null
at org.testng.Assert.fail(Assert.java:96)
at org.testng.Assert.assertNotNull(Assert.java:686)
at org.testng.Assert.assertNotNull(Assert.java:671)
at br.com.rsinet.hub.tdd.PageFactory.teste.produto(teste.java:30)
at br.com.rsinet.hub.tdd.Testes.Pesquisa_TelaInicial.BuscardeProduto(Pesquisa_TelaInicial.java:39)
at sun.reflect.NativeMethodAccessorImpl.invoke0(Native Method)
at sun.reflect.NativeMethodAccessorImpl.invoke(NativeMethodAccessorImpl.java:62)
at sun.reflect.DelegatingMethodAccessorImpl.invoke(DelegatingMethodAccessorImpl.java:43)
at java.lang.reflect.Method.invoke(Method.java:498)
at org.testng.internal.MethodInvocationHelper.invokeMethod(MethodInvocationHelper.java:124)
at org.testng.internal.Invoker.invokeMethod(Invoker.java:583)
at org.testng.internal.Invoker.invokeTestMethod(Invoker.java:719)
at org.testng.internal.Invoker.invokeTestMethods(Invoker.java:989)
at org.testng.internal.TestMethodWorker.invokeTestMethods(TestMethodWorker.java:125)
at org.testng.internal.TestMethodWorker.run(TestMethodWorker.java:109)
at org.testng.TestRunner.privateRun(TestRunner.java:648)
at org.testng.TestRunner.run(TestRunner.java:505)
at org.testng.SuiteRunner.runTest(SuiteRunner.java:455)
at org.testng.SuiteRunner.runSequentially(SuiteRunner.java:450)
at org.testng.SuiteRunner.privateRun(SuiteRunner.java:415)
at org.testng.SuiteRunner.run(SuiteRunner.java:364)
at org.testng.SuiteRunnerWorker.runSuite(SuiteRunnerWorker.java:52)
at org.testng.SuiteRunnerWorker.run(SuiteRunnerWorker.java:84)
at org.testng.TestNG.runSuitesSequentially(TestNG.java:1208)
at org.testng.TestNG.runSuitesLocally(TestNG.java:1137)
at org.testng.TestNG.runSuites(TestNG.java:1049)
at org.testng.TestNG.run(TestNG.java:1017)
at org.testng.remote.AbstractRemoteTestNG.run(AbstractRemoteTestNG.java:115)
at org.testng.remote.RemoteTestNG.initAndRun(RemoteTestNG.java:251)
at org.testng.remote.RemoteTestNG.main(RemoteTestNG.java:77)
]]>
            </full-stacktrace>
          </exception> <!-- java.lang.AssertionError -->
          <reporter-output>
          </reporter-output>
        </test-method> <!-- BuscardeProduto -->
      </class> <!-- br.com.rsinet.hub.tdd.Testes.Pesquisa_TelaInicial -->
    </test> <!-- Default test -->
  </suite> <!-- Default suite -->
</testng-results>
