<?xml version="1.0" encoding="UTF-8"?>
<testng-results skipped="0" failed="0" ignored="0" total="1" passed="1">
  <reporter-output>
  </reporter-output>
  <suite name="Default suite" duration-ms="22785" started-at="2020-01-29T21:35:01Z" finished-at="2020-01-29T21:35:24Z">
    <groups>
    </groups>
    <test name="Default test" duration-ms="22785" started-at="2020-01-29T21:35:01Z" finished-at="2020-01-29T21:35:24Z">
      <class name="br.com.rsinet.hub.tdd.Testes.positivos.CadrastroPositivo">
        <test-method status="PASS" signature="report()[pri:0, instance:br.com.rsinet.hub.tdd.Testes.positivos.CadrastroPositivo@57baeedf]" name="report" is-config="true" duration-ms="142" started-at="2020-01-29T21:35:01Z" finished-at="2020-01-29T21:35:01Z">
          <reporter-output>
          </reporter-output>
        </test-method> <!-- report -->
        <test-method status="PASS" signature="InicializaBrowser()[pri:0, instance:br.com.rsinet.hub.tdd.Testes.positivos.CadrastroPositivo@57baeedf]" name="InicializaBrowser" is-config="true" duration-ms="10807" started-at="2020-01-29T21:35:01Z" finished-at="2020-01-29T21:35:12Z">
          <reporter-output>
          </reporter-output>
        </test-method> <!-- InicializaBrowser -->
        <test-method status="PASS" signature="cadastro1()[pri:0, instance:br.com.rsinet.hub.tdd.Testes.positivos.CadrastroPositivo@57baeedf]" name="cadastro1" duration-ms="9744" started-at="2020-01-29T21:35:12Z" finished-at="2020-01-29T21:35:22Z">
          <reporter-output>
          </reporter-output>
        </test-method> <!-- cadastro1 -->
        <test-method status="PASS" signature="finalizar(org.testng.ITestResult)[pri:0, instance:br.com.rsinet.hub.tdd.Testes.positivos.CadrastroPositivo@57baeedf]" name="finalizar" is-config="true" duration-ms="2071" started-at="2020-01-29T21:35:22Z" finished-at="2020-01-29T21:35:24Z">
          <params>
            <param index="0">
              <value>
                <![CDATA[[TestResult name=cadastro1 status=SUCCESS method=CadrastroPositivo.cadastro1()[pri:0, instance:br.com.rsinet.hub.tdd.Testes.positivos.CadrastroPositivo@57baeedf] output={null}]]]>
              </value>
            </param>
          </params>
          <reporter-output>
          </reporter-output>
        </test-method> <!-- finalizar -->
      </class> <!-- br.com.rsinet.hub.tdd.Testes.positivos.CadrastroPositivo -->
    </test> <!-- Default test -->
  </suite> <!-- Default suite -->
</testng-results>
