<?xml version="1.0" encoding="UTF-8"?>
<testng-results skipped="0" failed="1" ignored="0" total="2" passed="1">
  <reporter-output>
  </reporter-output>
  <suite name="Default suite" duration-ms="41492" started-at="2020-01-20T00:23:43Z" finished-at="2020-01-20T00:24:24Z">
    <groups>
    </groups>
    <test name="Default test" duration-ms="41492" started-at="2020-01-20T00:23:43Z" finished-at="2020-01-20T00:24:24Z">
      <class name="br.com.rsinet.Hub_TDD.Testes.Buscar_Produto_Por_Barra_de_Pesquisa">
        <test-method status="PASS" signature="iniciaReport()[pri:0, instance:br.com.rsinet.Hub_TDD.Testes.Buscar_Produto_Por_Barra_de_Pesquisa@4883b407]" name="iniciaReport" is-config="true" duration-ms="155" started-at="2020-01-20T00:23:43Z" finished-at="2020-01-20T00:23:43Z">
          <reporter-output>
          </reporter-output>
        </test-method> <!-- iniciaReport -->
        <test-method status="PASS" signature="InicializaBrowser()[pri:0, instance:br.com.rsinet.Hub_TDD.Testes.Buscar_Produto_Por_Barra_de_Pesquisa@4883b407]" name="InicializaBrowser" is-config="true" duration-ms="20874" started-at="2020-01-20T00:23:43Z" finished-at="2020-01-20T00:24:04Z">
          <reporter-output>
          </reporter-output>
        </test-method> <!-- InicializaBrowser -->
        <test-method status="FAIL" signature="BuscardeProduto()[pri:0, instance:br.com.rsinet.Hub_TDD.Testes.Buscar_Produto_Por_Barra_de_Pesquisa@4883b407]" name="BuscardeProduto" duration-ms="1696" started-at="2020-01-20T00:24:04Z" finished-at="2020-01-20T00:24:05Z">
          <exception class="org.openqa.selenium.ElementClickInterceptedException">
            <message>
              <![CDATA[element click intercepted: Element <svg id="menuSearch" version="1.1" xmlns="http://www.w3.org/2000/svg" xmlns:xlink="http://www.w3.org/1999/xlink" x="0px" y="0px" width="24px" height="24px" viewBox="0 0 24 24" enable-background="new 0 0 24 24" xml:space="preserve" icon-search-svg="" data-ng-click="openSearchProducts()">...</svg> is not clickable at point (1172, 33). Other element would receive the click: <div class="loader" style="display: block; opacity: 1;">...</div>
  (Session info: chrome=79.0.3945.130)
Build info: version: '3.141.59', revision: 'e82be7d358', time: '2018-11-14T08:17:03'
System info: host: 'RSI1535', ip: '10.0.75.1', os.name: 'Windows 10', os.arch: 'amd64', os.version: '10.0', java.version: '1.8.0_231'
Driver info: org.openqa.selenium.chrome.ChromeDriver
Capabilities {acceptInsecureCerts: false, browserName: chrome, browserVersion: 79.0.3945.130, chrome: {chromedriverVersion: 79.0.3945.36 (3582db32b3389..., userDataDir: C:\Users\JOICE~1.ABR\AppDat...}, goog:chromeOptions: {debuggerAddress: localhost:58177}, javascriptEnabled: true, networkConnectionEnabled: false, pageLoadStrategy: normal, platform: WINDOWS, platformName: WINDOWS, proxy: Proxy(), setWindowRect: true, strictFileInteractability: false, timeouts: {implicit: 0, pageLoad: 300000, script: 30000}, unhandledPromptBehavior: dismiss and notify}
Session ID: e115ee6b32d6c460585e3dd374d39f1f]]>
            </message>
            <full-stacktrace>
              <![CDATA[org.openqa.selenium.ElementClickInterceptedException: element click intercepted: Element <svg id="menuSearch" version="1.1" xmlns="http://www.w3.org/2000/svg" xmlns:xlink="http://www.w3.org/1999/xlink" x="0px" y="0px" width="24px" height="24px" viewBox="0 0 24 24" enable-background="new 0 0 24 24" xml:space="preserve" icon-search-svg="" data-ng-click="openSearchProducts()">...</svg> is not clickable at point (1172, 33). Other element would receive the click: <div class="loader" style="display: block; opacity: 1;">...</div>
  (Session info: chrome=79.0.3945.130)
Build info: version: '3.141.59', revision: 'e82be7d358', time: '2018-11-14T08:17:03'
System info: host: 'RSI1535', ip: '10.0.75.1', os.name: 'Windows 10', os.arch: 'amd64', os.version: '10.0', java.version: '1.8.0_231'
Driver info: org.openqa.selenium.chrome.ChromeDriver
Capabilities {acceptInsecureCerts: false, browserName: chrome, browserVersion: 79.0.3945.130, chrome: {chromedriverVersion: 79.0.3945.36 (3582db32b3389..., userDataDir: C:\Users\JOICE~1.ABR\AppDat...}, goog:chromeOptions: {debuggerAddress: localhost:58177}, javascriptEnabled: true, networkConnectionEnabled: false, pageLoadStrategy: normal, platform: WINDOWS, platformName: WINDOWS, proxy: Proxy(), setWindowRect: true, strictFileInteractability: false, timeouts: {implicit: 0, pageLoad: 300000, script: 30000}, unhandledPromptBehavior: dismiss and notify}
Session ID: e115ee6b32d6c460585e3dd374d39f1f
at sun.reflect.NativeConstructorAccessorImpl.newInstance0(Native Method)
at sun.reflect.NativeConstructorAccessorImpl.newInstance(NativeConstructorAccessorImpl.java:62)
at sun.reflect.DelegatingConstructorAccessorImpl.newInstance(DelegatingConstructorAccessorImpl.java:45)
at java.lang.reflect.Constructor.newInstance(Constructor.java:423)
at org.openqa.selenium.remote.http.W3CHttpResponseCodec.createException(W3CHttpResponseCodec.java:187)
at org.openqa.selenium.remote.http.W3CHttpResponseCodec.decode(W3CHttpResponseCodec.java:122)
at org.openqa.selenium.remote.http.W3CHttpResponseCodec.decode(W3CHttpResponseCodec.java:49)
at org.openqa.selenium.remote.HttpCommandExecutor.execute(HttpCommandExecutor.java:158)
at org.openqa.selenium.remote.service.DriverCommandExecutor.execute(DriverCommandExecutor.java:83)
at org.openqa.selenium.remote.RemoteWebDriver.execute(RemoteWebDriver.java:552)
at org.openqa.selenium.remote.RemoteWebElement.execute(RemoteWebElement.java:285)
at org.openqa.selenium.remote.RemoteWebElement.click(RemoteWebElement.java:84)
at br.com.rsinet.Hub_TDD.Testes.Buscar_Produto_Por_Barra_de_Pesquisa.BuscardeProduto(Buscar_Produto_Por_Barra_de_Pesquisa.java:52)
at sun.reflect.NativeMethodAccessorImpl.invoke0(Native Method)
at sun.reflect.NativeMethodAccessorImpl.invoke(NativeMethodAccessorImpl.java:62)
at sun.reflect.DelegatingMethodAccessorImpl.invoke(DelegatingMethodAccessorImpl.java:43)
at java.lang.reflect.Method.invoke(Method.java:498)
at org.testng.internal.MethodInvocationHelper.invokeMethod(MethodInvocationHelper.java:124)
at org.testng.internal.Invoker.invokeMethod(Invoker.java:583)
at org.testng.internal.Invoker.invokeTestMethod(Invoker.java:719)
at org.testng.internal.Invoker.invokeTestMethods(Invoker.java:989)
at org.testng.internal.TestMethodWorker.invokeTestMethods(TestMethodWorker.java:125)
at org.testng.internal.TestMethodWorker.run(TestMethodWorker.java:109)
at org.testng.TestRunner.privateRun(TestRunner.java:648)
at org.testng.TestRunner.run(TestRunner.java:505)
at org.testng.SuiteRunner.runTest(SuiteRunner.java:455)
at org.testng.SuiteRunner.runSequentially(SuiteRunner.java:450)
at org.testng.SuiteRunner.privateRun(SuiteRunner.java:415)
at org.testng.SuiteRunner.run(SuiteRunner.java:364)
at org.testng.SuiteRunnerWorker.runSuite(SuiteRunnerWorker.java:52)
at org.testng.SuiteRunnerWorker.run(SuiteRunnerWorker.java:84)
at org.testng.TestNG.runSuitesSequentially(TestNG.java:1208)
at org.testng.TestNG.runSuitesLocally(TestNG.java:1137)
at org.testng.TestNG.runSuites(TestNG.java:1049)
at org.testng.TestNG.run(TestNG.java:1017)
at org.testng.remote.AbstractRemoteTestNG.run(AbstractRemoteTestNG.java:115)
at org.testng.remote.RemoteTestNG.initAndRun(RemoteTestNG.java:251)
at org.testng.remote.RemoteTestNG.main(RemoteTestNG.java:77)
]]>
            </full-stacktrace>
          </exception> <!-- org.openqa.selenium.ElementClickInterceptedException -->
          <reporter-output>
          </reporter-output>
        </test-method> <!-- BuscardeProduto -->
        <test-method status="PASS" signature="finalizar(org.testng.ITestResult)[pri:0, instance:br.com.rsinet.Hub_TDD.Testes.Buscar_Produto_Por_Barra_de_Pesquisa@4883b407]" name="finalizar" is-config="true" duration-ms="690" started-at="2020-01-20T00:24:05Z" finished-at="2020-01-20T00:24:06Z">
          <params>
            <param index="0">
              <value>
                <![CDATA[[TestResult name=BuscardeProduto status=FAILURE method=Buscar_Produto_Por_Barra_de_Pesquisa.BuscardeProduto()[pri:0, instance:br.com.rsinet.Hub_TDD.Testes.Buscar_Produto_Por_Barra_de_Pesquisa@4883b407] output={null}]]]>
              </value>
            </param>
          </params>
          <reporter-output>
          </reporter-output>
        </test-method> <!-- finalizar -->
        <test-method status="PASS" signature="InicializaBrowser()[pri:0, instance:br.com.rsinet.Hub_TDD.Testes.Buscar_Produto_Por_Barra_de_Pesquisa@4883b407]" name="InicializaBrowser" is-config="true" duration-ms="10836" started-at="2020-01-20T00:24:06Z" finished-at="2020-01-20T00:24:17Z">
          <reporter-output>
          </reporter-output>
        </test-method> <!-- InicializaBrowser -->
        <test-method status="PASS" signature="testesbusca_Negativo()[pri:0, instance:br.com.rsinet.Hub_TDD.Testes.Buscar_Produto_Por_Barra_de_Pesquisa@4883b407]" name="testesbusca_Negativo" duration-ms="6507" started-at="2020-01-20T00:24:17Z" finished-at="2020-01-20T00:24:23Z">
          <reporter-output>
          </reporter-output>
        </test-method> <!-- testesbusca_Negativo -->
        <test-method status="PASS" signature="finalizar(org.testng.ITestResult)[pri:0, instance:br.com.rsinet.Hub_TDD.Testes.Buscar_Produto_Por_Barra_de_Pesquisa@4883b407]" name="finalizar" is-config="true" duration-ms="705" started-at="2020-01-20T00:24:23Z" finished-at="2020-01-20T00:24:24Z">
          <params>
            <param index="0">
              <value>
                <![CDATA[[TestResult name=testesbusca_Negativo status=SUCCESS method=Buscar_Produto_Por_Barra_de_Pesquisa.testesbusca_Negativo()[pri:0, instance:br.com.rsinet.Hub_TDD.Testes.Buscar_Produto_Por_Barra_de_Pesquisa@4883b407] output={null}]]]>
              </value>
            </param>
          </params>
          <reporter-output>
          </reporter-output>
        </test-method> <!-- finalizar -->
      </class> <!-- br.com.rsinet.Hub_TDD.Testes.Buscar_Produto_Por_Barra_de_Pesquisa -->
    </test> <!-- Default test -->
  </suite> <!-- Default suite -->
</testng-results>
